[0m08:49:50.945591 [debug] [MainThread]: Sending event: {'category': 'dbt', 'action': 'invocation', 'label': 'start', 'context': [<snowplow_tracker.self_describing_json.SelfDescribingJson object at 0x10561a030>, <snowplow_tracker.self_describing_json.SelfDescribingJson object at 0x106303620>, <snowplow_tracker.self_describing_json.SelfDescribingJson object at 0x106303320>]}


============================== 08:49:50.952661 | e6b3cabb-c76c-4294-8fac-528e2c61f11c ==============================
[0m08:49:50.952661 [info ] [MainThread]: Running with dbt=1.9.2
[0m08:49:50.952898 [debug] [MainThread]: running dbt with arguments {'printer_width': '80', 'indirect_selection': 'eager', 'log_cache_events': 'False', 'write_json': 'True', 'partial_parse': 'True', 'cache_selected_only': 'False', 'warn_error': 'None', 'version_check': 'True', 'fail_fast': 'False', 'log_path': 'logs', 'profiles_dir': '/Users/8913/.dbt', 'debug': 'False', 'use_colors': 'True', 'use_experimental_parser': 'False', 'no_print': 'None', 'quiet': 'False', 'empty': 'None', 'warn_error_options': 'WarnErrorOptions(include=[], exclude=[])', 'introspect': 'True', 'static_parser': 'True', 'invocation_command': 'dbt init jaffle_shop', 'target_path': 'None', 'log_format': 'default', 'send_anonymous_usage_stats': 'True'}
[0m08:49:51.056069 [debug] [MainThread]: Starter project path: /Users/8913/Documents/GitHub/dbt-tutorial/dbt_env/lib/python3.12/site-packages/dbt/include/starter_project
[0m08:49:51.087032 [info ] [MainThread]: 
Your new dbt project "jaffle_shop" was created!

For more information on how to configure the profiles.yml file,
please consult the dbt documentation here:

  https://docs.getdbt.com/docs/configure-your-profile

One more thing:

Need help? Don't hesitate to reach out to us via GitHub issues or on Slack:

  https://community.getdbt.com/

Happy modeling!

[0m08:49:51.087264 [info ] [MainThread]: Setting up your profile.
[0m08:53:42.404956 [info ] [MainThread]: Profile jaffle_shop written to /Users/8913/.dbt/profiles.yml using target's profile_template.yml and your supplied values. Run 'dbt debug' to validate the connection.
[0m08:53:42.625754 [debug] [MainThread]: Resource report: {"command_name": "init", "command_success": true, "command_wall_clock_time": 231.7252, "process_in_blocks": "0", "process_kernel_time": 0.172403, "process_mem_max_rss": "114556928", "process_out_blocks": "0", "process_user_time": 0.476494}
[0m08:53:42.626937 [debug] [MainThread]: Command `dbt init` succeeded at 08:53:42.626727 after 231.73 seconds
[0m08:53:42.627610 [debug] [MainThread]: Sending event: {'category': 'dbt', 'action': 'invocation', 'label': 'end', 'context': [<snowplow_tracker.self_describing_json.SelfDescribingJson object at 0x105d595e0>, <snowplow_tracker.self_describing_json.SelfDescribingJson object at 0x106394ce0>, <snowplow_tracker.self_describing_json.SelfDescribingJson object at 0x10561a030>]}
[0m08:53:42.628171 [debug] [MainThread]: Flushing usage events
[0m08:53:43.190603 [debug] [MainThread]: An error was encountered while trying to flush usage events
